<?xml version="1.0" encoding="UTF-8"?>
<testsuite xmlns:xsi="http://www.w3.org/2001/XMLSchema-instance" xsi:noNamespaceSchemaLocation="https://maven.apache.org/surefire/maven-surefire-plugin/xsd/surefire-test-report-3.0.xsd" version="3.0" name="com.javahongkong.bootcamp.exercise.SampleTest" time="0.0" tests="5" errors="0" skipped="0" failures="0">
  <properties>
    <property name="java.specification.version" value="17"/>
    <property name="sun.jnu.encoding" value="UTF-8"/>
    <property name="java.class.path" value="/Users/jacobt21/Documents/github/bootcamp/banking-system-main/target/test-classes:/Users/jacobt21/Documents/github/bootcamp/banking-system-main/target/classes:/Users/jacobt21/.m2/repository/junit/junit/4.12/junit-4.12.jar:/Users/jacobt21/.m2/repository/org/hamcrest/hamcrest-core/1.3/hamcrest-core-1.3.jar:"/>
    <property name="java.vm.vendor" value="Azul Systems, Inc."/>
    <property name="sun.arch.data.model" value="64"/>
    <property name="java.vendor.url" value="http://www.azul.com/"/>
    <property name="os.name" value="Mac OS X"/>
    <property name="java.vm.specification.version" value="17"/>
    <property name="sun.java.launcher" value="SUN_STANDARD"/>
    <property name="user.country" value="HK"/>
    <property name="sun.boot.library.path" value="/Library/Java/JavaVirtualMachines/zulu-17.jdk/Contents/Home/lib"/>
    <property name="sun.java.command" value="/Users/jacobt21/Documents/github/bootcamp/banking-system-main/target/surefire/surefirebooter-20240516141707866_3.jar /Users/jacobt21/Documents/github/bootcamp/banking-system-main/target/surefire 2024-05-16T14-17-07_833-jvmRun1 surefire-20240516141707866_1tmp surefire_0-20240516141707866_2tmp"/>
    <property name="http.nonProxyHosts" value="local|*.local|169.254/16|*.169.254/16"/>
    <property name="jdk.debug" value="release"/>
    <property name="surefire.test.class.path" value="/Users/jacobt21/Documents/github/bootcamp/banking-system-main/target/test-classes:/Users/jacobt21/Documents/github/bootcamp/banking-system-main/target/classes:/Users/jacobt21/.m2/repository/junit/junit/4.12/junit-4.12.jar:/Users/jacobt21/.m2/repository/org/hamcrest/hamcrest-core/1.3/hamcrest-core-1.3.jar:"/>
    <property name="sun.cpu.endian" value="little"/>
    <property name="user.home" value="/Users/jacobt21"/>
    <property name="user.language" value="en"/>
    <property name="java.specification.vendor" value="Oracle Corporation"/>
    <property name="java.version.date" value="2024-01-16"/>
    <property name="java.home" value="/Library/Java/JavaVirtualMachines/zulu-17.jdk/Contents/Home"/>
    <property name="file.separator" value="/"/>
    <property name="basedir" value="/Users/jacobt21/Documents/github/bootcamp/banking-system-main"/>
    <property name="java.vm.compressedOopsMode" value="Zero based"/>
    <property name="line.separator" value="&#10;"/>
    <property name="java.specification.name" value="Java Platform API Specification"/>
    <property name="java.vm.specification.vendor" value="Oracle Corporation"/>
    <property name="surefire.real.class.path" value="/Users/jacobt21/Documents/github/bootcamp/banking-system-main/target/surefire/surefirebooter-20240516141707866_3.jar"/>
    <property name="sun.management.compiler" value="HotSpot 64-Bit Tiered Compilers"/>
    <property name="ftp.nonProxyHosts" value="local|*.local|169.254/16|*.169.254/16"/>
    <property name="java.runtime.version" value="17.0.10+7-LTS"/>
    <property name="user.name" value="jacobt21"/>
    <property name="path.separator" value=":"/>
    <property name="os.version" value="14.4.1"/>
    <property name="java.runtime.name" value="OpenJDK Runtime Environment"/>
    <property name="file.encoding" value="UTF-8"/>
    <property name="java.vm.name" value="OpenJDK 64-Bit Server VM"/>
    <property name="java.vendor.version" value="Zulu17.48+15-CA"/>
    <property name="localRepository" value="/Users/jacobt21/.m2/repository"/>
    <property name="java.vendor.url.bug" value="http://www.azul.com/support/"/>
    <property name="java.io.tmpdir" value="/var/folders/rc/mmb1bn554sdc6kz90h6dbbjh0000gn/T/"/>
    <property name="java.version" value="17.0.10"/>
    <property name="user.dir" value="/Users/jacobt21/Documents/github/bootcamp/banking-system-main"/>
    <property name="os.arch" value="aarch64"/>
    <property name="java.vm.specification.name" value="Java Virtual Machine Specification"/>
    <property name="native.encoding" value="UTF-8"/>
    <property name="java.library.path" value="/Users/jacobt21/Library/Java/Extensions:/Library/Java/Extensions:/Network/Library/Java/Extensions:/System/Library/Java/Extensions:/usr/lib/java:."/>
    <property name="java.vm.info" value="mixed mode, sharing"/>
    <property name="java.vendor" value="Azul Systems, Inc."/>
    <property name="java.vm.version" value="17.0.10+7-LTS"/>
    <property name="sun.io.unicode.encoding" value="UnicodeBig"/>
    <property name="socksNonProxyHosts" value="local|*.local|169.254/16|*.169.254/16"/>
    <property name="java.class.version" value="61.0"/>
  </properties>
  <testcase name="bankCreditTest" classname="com.javahongkong.bootcamp.exercise.SampleTest" time="0.0"/>
  <testcase name="debitTest" classname="com.javahongkong.bootcamp.exercise.SampleTest" time="0.0"/>
  <testcase name="invalidPinTransaction" classname="com.javahongkong.bootcamp.exercise.SampleTest" time="0.0"/>
  <testcase name="transactionTest" classname="com.javahongkong.bootcamp.exercise.SampleTest" time="0.0"/>
  <testcase name="invalidAccountNumberTest" classname="com.javahongkong.bootcamp.exercise.SampleTest" time="0.0"/>
</testsuite>